app/build/outputs/logs/manifest-merger-debug-report.txt
-- Merging decision tree log ---
manifest
ADDED from src\main\AndroidManifest.xml:2:1-61:12
	package
		ADDED from src\main\AndroidManifest.xml:3:5-48
		INJECTED from src\main\AndroidManifest.xml
		INJECTED from src\main\AndroidManifest.xml
	android:versionName
		ADDED from src\main\AndroidManifest.xml:5:5-30
		INJECTED from src\main\AndroidManifest.xml
		INJECTED from src\main\AndroidManifest.xml
	android:versionCode
		ADDED from src\main\AndroidManifest.xml:4:5-28
		INJECTED from src\main\AndroidManifest.xml
		INJECTED from src\main\AndroidManifest.xml
	xmlns:android
		ADDED from src\main\AndroidManifest.xml:2:11-69
uses-sdk
ADDED from src\main\AndroidManifest.xml:7:5-9:41
MERGED from [com.android.support:support-v4:22.2.1] AndroidManifest.xml:20:5-43
MERGED from [com.google.android.gms:play-services-appindexing:8.1.0] AndroidManifest.xml:18:5-42
MERGED from [com.google.android.gms:play-services-basement:8.1.0] AndroidManifest.xml:18:5-42
MERGED from [com.android.support:support-v4:22.2.1] AndroidManifest.xml:20:5-43
	android:targetSdkVersion
		ADDED from src\main\AndroidManifest.xml:9:9-38
		INJECTED from src\main\AndroidManifest.xml
		INJECTED from src\main\AndroidManifest.xml
	android:minSdkVersion
		ADDED from src\main\AndroidManifest.xml:8:9-35
		INJECTED from src\main\AndroidManifest.xml
		INJECTED from src\main\AndroidManifest.xml
uses-permission#android.permission.CAMERA
ADDED from src\main\AndroidManifest.xml:11:5-65
	android:name
		ADDED from src\main\AndroidManifest.xml:11:22-62
uses-feature#android.hardware.camera
ADDED from src\main\AndroidManifest.xml:12:5-60
	android:name
		ADDED from src\main\AndroidManifest.xml:12:19-57
uses-feature#android.hardware.camera.autofocus
ADDED from src\main\AndroidManifest.xml:13:5-70
	android:name
		ADDED from src\main\AndroidManifest.xml:13:19-67
uses-permission#android.permission.INTERNET
ADDED from src\main\AndroidManifest.xml:15:6-67
	android:name
		ADDED from src\main\AndroidManifest.xml:15:23-65
uses-permission#android.permission.ACCESS_NETWORK_STATE
ADDED from src\main\AndroidManifest.xml:16:6-79
	android:name
		ADDED from src\main\AndroidManifest.xml:16:23-77
uses-permission#android.permission.WRITE_EXTERNAL_STORAGE
ADDED from src\main\AndroidManifest.xml:17:6-82
	android:name
		ADDED from src\main\AndroidManifest.xml:17:23-79
uses-permission#android.permission.READ_PHONE_STATE
ADDED from src\main\AndroidManifest.xml:18:6-76
	android:name
		ADDED from src\main\AndroidManifest.xml:18:23-73
application
ADDED from src\main\AndroidManifest.xml:20:5-59:19
MERGED from [com.android.support:support-v4:22.2.1] AndroidManifest.xml:22:5-20
MERGED from [com.google.android.gms:play-services-appindexing:8.1.0] AndroidManifest.xml:19:5-20
MERGED from [com.google.android.gms:play-services-basement:8.1.0] AndroidManifest.xml:20:5-24:19
MERGED from [com.android.support:support-v4:22.2.1] AndroidManifest.xml:22:5-20
	android:label
		ADDED from src\main\AndroidManifest.xml:23:9-41
	android:allowBackup
		ADDED from src\main\AndroidManifest.xml:21:9-35
	android:icon
		ADDED from src\main\AndroidManifest.xml:22:9-45
	android:theme
		ADDED from src\main\AndroidManifest.xml:24:9-40
activity#com.grobestvietnam.barcodescanner.MainActivity
ADDED from src\main\AndroidManifest.xml:25:9-35:20
	android:screenOrientation
		ADDED from src\main\AndroidManifest.xml:27:13-50
	android:label
		ADDED from src\main\AndroidManifest.xml:29:13-45
	android:icon
		ADDED from src\main\AndroidManifest.xml:28:13-49
	android:name
		ADDED from src\main\AndroidManifest.xml:26:13-41
intent-filter#android.intent.action.MAIN+android.intent.category.LAUNCHER
ADDED from src\main\AndroidManifest.xml:31:13-34:29
action#android.intent.action.MAIN
ADDED from src\main\AndroidManifest.xml:32:17-69
	android:name
		ADDED from src\main\AndroidManifest.xml:32:25-66
category#android.intent.category.LAUNCHER
ADDED from src\main\AndroidManifest.xml:33:17-77
	android:name
		ADDED from src\main\AndroidManifest.xml:33:27-74
activity#com.grobestvietnam.barcodescanner.EditMaterialActivity
ADDED from src\main\AndroidManifest.xml:36:9-41:80
	android:screenOrientation
		ADDED from src\main\AndroidManifest.xml:38:13-49
	android:label
		ADDED from src\main\AndroidManifest.xml:40:13-60
	android:icon
		ADDED from src\main\AndroidManifest.xml:39:13-49
	android:theme
		ADDED from src\main\AndroidManifest.xml:41:13-67
	android:name
		ADDED from src\main\AndroidManifest.xml:37:13-49
activity#com.grobestvietnam.barcodescanner.SettingActivity
ADDED from src\main\AndroidManifest.xml:48:9-54:25
	android:screenOrientation
		ADDED from src\main\AndroidManifest.xml:50:13-50
	android:label
		ADDED from src\main\AndroidManifest.xml:52:13-54
	android:icon
		ADDED from src\main\AndroidManifest.xml:51:13-49
	android:theme
		ADDED from src\main\AndroidManifest.xml:53:13-67
	android:name
		ADDED from src\main\AndroidManifest.xml:49:13-44
meta-data#com.google.android.gms.version
ADDED from src\main\AndroidManifest.xml:56:9-58:69
MERGED from [com.google.android.gms:play-services-basement:8.1.0] AndroidManifest.xml:21:9-23:69
	android:value
		ADDED from src\main\AndroidManifest.xml:58:13-66
	android:name
		ADDED from src\main\AndroidManifest.xml:57:13-58